#
# A fatal error has been detected by the Java Runtime Environment:
#
#  EXCEPTION_ACCESS_VIOLATION (0xc0000005) at pc=0x00007ffb9e00e996, pid=10068, tid=8480
#
# JRE version: Java(TM) SE Runtime Environment (17.0.8+9) (build 17.0.8+9-LTS-211)
# Java VM: Java HotSpot(TM) 64-Bit Server VM (17.0.8+9-LTS-211, mixed mode, sharing, tiered, compressed oops, compressed class ptrs, g1 gc, windows-amd64)
# Problematic frame:
# V  [jvm.dll+0x1ae996]
#
# No core dump will be written. Minidumps are not enabled by default on client versions of Windows
#
# If you would like to submit a bug report, please visit:
#   https://bugreport.java.com/bugreport/crash.jsp
#

---------------  S U M M A R Y ------------

Command Line: --add-opens=java.base/java.util=ALL-UNNAMED --add-opens=java.base/java.lang=ALL-UNNAMED --add-opens=java.base/java.lang.invoke=ALL-UNNAMED --add-opens=java.base/java.util=ALL-UNNAMED --add-opens=java.prefs/java.util.prefs=ALL-UNNAMED --add-opens=java.prefs/java.util.prefs=ALL-UNNAMED --add-opens=java.base/java.nio.charset=ALL-UNNAMED --add-opens=java.base/java.net=ALL-UNNAMED --add-opens=java.base/java.util.concurrent.atomic=ALL-UNNAMED -Xmx2048m -Dfile.encoding=UTF-8 -Duser.country=BR -Duser.language=pt -Duser.variant org.gradle.launcher.daemon.bootstrap.GradleDaemon 7.5

Host: Genuine Intel(R) CPU 0000 @ 2.70GHz, 4 cores, 15G,  Windows 11 , 64 bit Build 22621 (10.0.22621.2070)
Time: Mon Sep  4 13:47:41 2023 Hora oficial do Brasil elapsed time: 24.155067 seconds (0d 0h 0m 24s)

---------------  T H R E A D  ---------------

Current thread (0x000001f963029150):  ConcurrentGCThread "G1 Conc#0" [stack: 0x000000bb80000000,0x000000bb80100000] [id=8480]

Stack: [0x000000bb80000000,0x000000bb80100000],  sp=0x000000bb800ff478,  free space=1021k
Native frames: (J=compiled Java code, j=interpreted, Vv=VM code, C=native code)
V  [jvm.dll+0x1ae996]


siginfo: EXCEPTION_ACCESS_VIOLATION (0xc0000005), reading address 0x000001f9266b6377


Register to memory mapping:

RIP=0x00007ffb9e00e996 jvm.dll
RAX=0x9100480091004801 is an unknown value
RBX=0x000001f963017f01 points into unknown readable memory: 00 00 00 00 00 00 00
RCX=0x000000008197d040 is pointing into object: [B 
{0x000000008197d000} - klass: {type array byte}
 - length: 70
RDX=0x000000008197d040 is pointing into object: [B 
{0x000000008197d000} - klass: {type array byte}
 - length: 70
RSP=0x000000bb800ff478 points into unknown readable memory: 0x00007ffb9e134c8d | 8d 4c 13 9e fb 7f 00 00
RBP=0x0 is NULL
RSI=0x000001f963017f60 points into unknown readable memory: 0x000001f9630288a0 | a0 88 02 63 f9 01 00 00
RDI=0x000000008197d040 is pointing into object: [B 
{0x000000008197d000} - klass: {type array byte}
 - length: 70
R8 =0x000001f97a4c5f40 points into unknown readable memory: 0x9100480091004901 | 01 49 00 91 00 48 00 91
R9 =0x000001f9266b636f is an unknown value
R10=0x000001f963017f60 points into unknown readable memory: 0x000001f9630288a0 | a0 88 02 63 f9 01 00 00
R11=0x0000000000000003 is an unknown value
R12=0x0 is NULL
R13=0xaaaaaaaaaaaaaaab is an unknown value
R14=0x000001f9034514f8 is a pointer to class: 
java.util.WeakHashMap$HashIterator {0x000001f903451500}
 - instance size:     5
 - klass size:        76
 - access:            synchronized abstract 
 - state:             fully_initialized
 - name:              'java/util/WeakHashMap$HashIterator'
 - super:             'java/lang/Object'
 - sub:               'java/util/WeakHashMap$KeyIterator'   
 - arrays:            NULL
 - methods:           Array<T>(0x000001f94490eb70)
 - method ordering:   Array<T>(0x000001f9028fadf8)
 - default_methods:   Array<T>(0x000001f94490e220)
 - default vtable indices:   Array<T>(0x000001f94490e230)
 - local interfaces:  Array<T>(0x000001f94490e1b0)
 - trans. interfaces: Array<T>(0x000001f94490e1b0)
 - constants:         constant pool [110] {0x000001f94490e768} for 'java/util/WeakHashMap$HashIterator' cache=0x000001f94490ebc0
 - class loader data:  loader data: 0x000001f97e80d2d0 of 'bootstrap'
 - source file:       'WeakHashMap.java'
 - class annotations:       Array<T>(0x0000000000000000)
 - class type annotations:  Array<T>(0x0000000000000000)
 - field annotations:       Array<T>(0x0000000000000000)
 - field type annotations:  Array<T>(0x0000000000000000)
 - generic signature: '<T:Ljava/lang/Object;>Ljava/lang/Object;Ljava/util/Iterator<TT;>;'
 - inner classes:     Array<T>(0x000001f94490e630)
 - nest members:     Array<T>(0x000001f9025d1940)
 - permitted subclasses:     Array<T>(0x000001f9025d1940)
 - java mirror:       a 'java/lang/Class'{0x00000000820e6c10} = 'java/util/WeakHashMap$HashIterator'
 - vtable length      10  (start addr: 0x000001f9034516c0)
 - itable length      8 (start addr: 0x000001f903451710)
 - ---- static fields (0 words):
 - ---- non-static fields (7 words):
 - private 'index' 'I' @12 
 - private 'expectedModCount' 'I' @16 
 - private 'entry' 'Ljava/util/WeakHashMap$Entry;' @20 
 - private 'lastReturned' 'Ljava/util/WeakHashMap$Entry;' @24 
 - private 'nextKey' 'Ljava/lang/Object;' @28 
 - private 'currentKey' 'Ljava/lang/Object;' @32 
 - final synthetic 'this$0' 'Ljava/util/WeakHashMap;' @36 
 - non-static oop maps: 20-36 
R15=0x000000008197d7a0 is an oop: jdk.internal.jimage.ImageReader$Resource 
{0x000000008197d7a0} - klass: 'jdk/internal/jimage/ImageReader$Resource'
 - ---- fields (total size 4 words):
 - private 'flags' 'I' @12  0
 - private 'completed' 'Z' @16  false
 - private final 'name' 'Ljava/lang/String;' @20  "/modules/java.base/java/util/concurrent/locks/AbstractQueuedSynchronizer$Node.class"{0x000000008197d7c0} (8197d7c0)
 - private final 'fileAttrs' 'Ljava/nio/file/attribute/BasicFileAttributes;' @24  a 'sun/nio/fs/WindowsFileAttributes'{0x0000000080ae5088} (80ae5088)
 - private final 'loc' 'Ljdk/internal/jimage/ImageLocation;' @28  
[error occurred during error reporting (printing register info), id 0xc0000005, EXCEPTION_ACCESS_VIOLATION (0xc0000005) at pc=0x00007ffb9e4c44b3]

Registers:
RAX=0x9100480091004801, RBX=0x000001f963017f01, RCX=0x000000008197d040, RDX=0x000000008197d040
RSP=0x000000bb800ff478, RBP=0x0000000000000000, RSI=0x000001f963017f60, RDI=0x000000008197d040
R8 =0x000001f97a4c5f40, R9 =0x000001f9266b636f, R10=0x000001f963017f60, R11=0x0000000000000003
R12=0x0000000000000000, R13=0xaaaaaaaaaaaaaaab, R14=0x000001f9034514f8, R15=0x000000008197d7a0
RIP=0x00007ffb9e00e996, EFLAGS=0x0000000000010206

Top of Stack: (sp=0x000000bb800ff478)
0x000000bb800ff478:   00007ffb9e134c8d 0000000000000000
0x000000bb800ff488:   00007ffb9e134c8d 0000eb9f5c6bf4df
0x000000bb800ff498:   000000bb800ff650 000000008197d040
0x000000bb800ff4a8:   00007ffb9e134a8d 000001f960e00e20
0x000000bb800ff4b8:   000000bb800ff650 000001f9034514f0
0x000000bb800ff4c8:   000000bb800ff650 000000008197d7c0
0x000000bb800ff4d8:   00007ffb9e132b5d 000000008197d7bc
0x000000bb800ff4e8:   00007ffb9e13301d 000000008197bf5c
0x000000bb800ff4f8:   00007ffb9e1327a1 000000bb800ff610
0x000000bb800ff508:   0000000000000001 000000008197d7a0
0x000000bb800ff518:   00007ffb9e1327a1 000001f903451290
0x000000bb800ff528:   0000000000000004 000000bb800ff650
0x000000bb800ff538:   0000000000000000 000001f960e00e20
0x000000bb800ff548:   00007ffb9e1481d4 000000008197d7a0
0x000000bb800ff558:   000001f963017f70 000000bb800ff610
0x000000bb800ff568:   000001f963017f70 000000008197d7a0 

Instructions: (pc=0x00007ffb9e00e996)
0x00007ffb9e00e896:   20 0f 11 86 f0 02 00 00 48 8b 5c 24 40 48 8b 74
0x00007ffb9e00e8a6:   24 48 48 83 c4 30 5f c3 48 8b 07 48 8d 54 24 20
0x00007ffb9e00e8b6:   48 8b cf ff 50 38 48 8b 5c 24 40 48 8b 74 24 48
0x00007ffb9e00e8c6:   48 83 c4 30 5f c3 cc cc cc cc 48 89 5c 24 08 57
0x00007ffb9e00e8d6:   48 83 ec 30 48 8b 02 48 8b f9 48 8b ca 48 8b da
0x00007ffb9e00e8e6:   ff 50 38 84 c0 74 48 0f 10 83 f0 02 00 00 66 0f
0x00007ffb9e00e8f6:   73 d8 08 66 48 0f 7e c0 48 85 c0 74 32 0f 10 83
0x00007ffb9e00e906:   f0 02 00 00 48 8b 07 48 8d 54 24 20 48 8b cf 0f
0x00007ffb9e00e916:   29 44 24 20 ff 50 40 33 c0 48 89 44 24 20 48 89
0x00007ffb9e00e926:   44 24 28 0f 28 44 24 20 0f 11 83 f0 02 00 00 48
0x00007ffb9e00e936:   8b 5c 24 40 48 83 c4 30 5f c3 48 8b 49 40 48 8b
0x00007ffb9e00e946:   01 48 ff 60 28 cc cc cc cc cc 80 3d 4d 84 95 00
0x00007ffb9e00e956:   00 48 8b c1 74 1b 8b 51 08 8b 0d 63 09 8f 00 48
0x00007ffb9e00e966:   d3 e2 48 8b c8 48 03 15 4e 09 8f 00 e9 19 00 00
0x00007ffb9e00e976:   00 48 8b 51 08 48 8b c8 e9 0d 00 00 00 cc cc cc
0x00007ffb9e00e986:   cc cc cc cc cc cc cc cc cc cc 4c 8b ca 48 8b d1
0x00007ffb9e00e996:   45 8b 41 08 45 85 c0 7e 0e 41 f6 c0 01 75 56 41
0x00007ffb9e00e9a6:   c1 f8 03 41 8b c0 c3 79 4c 80 3d ee 83 95 00 00
0x00007ffb9e00e9b6:   b8 0c 00 00 00 b9 10 00 00 00 0f 45 c8 8b 05 1b
0x00007ffb9e00e9c6:   18 8f 00 ff c8 4c 63 c8 48 63 14 11 41 8b c8 83
0x00007ffb9e00e9d6:   e1 3f 48 d3 e2 41 8b c8 48 c1 f9 10 0f b6 c1 49
0x00007ffb9e00e9e6:   8d 0c 11 49 f7 d1 48 03 c1 49 c1 e9 03 48 c1 e8
0x00007ffb9e00e9f6:   03 41 23 c1 c3 49 8b 01 49 8b c9 48 ff a0 00 01
0x00007ffb9e00ea06:   00 00 cc cc cc cc cc cc cc cc 48 83 ec 38 0f 10
0x00007ffb9e00ea16:   02 48 8b 49 40 48 8d 54 24 20 0f 29 44 24 20 e8
0x00007ffb9e00ea26:   66 f2 ff ff 48 83 c4 38 c3 cc 48 83 ec 38 0f 10
0x00007ffb9e00ea36:   02 48 8b 01 48 8d 54 24 20 0f 29 44 24 20 ff 50
0x00007ffb9e00ea46:   38 48 83 c4 38 c3 cc cc cc cc 48 89 5c 24 08 55
0x00007ffb9e00ea56:   56 57 41 54 41 55 41 56 41 57 48 8d 6c 24 e0 48
0x00007ffb9e00ea66:   81 ec 20 01 00 00 48 8b 05 cd 06 92 00 48 33 c4
0x00007ffb9e00ea76:   48 89 45 10 48 8b 05 cf 7a 94 00 45 33 ed 4c 8b
0x00007ffb9e00ea86:   b5 80 00 00 00 4c 8b fa 48 8b bd 88 00 00 00 4d 


Stack slot to memory mapping:
stack at sp + 0 slots: 0x00007ffb9e134c8d jvm.dll
stack at sp + 1 slots: 0x0 is NULL
stack at sp + 2 slots: 0x00007ffb9e134c8d jvm.dll
stack at sp + 3 slots: 0x0000eb9f5c6bf4df is an unknown value
stack at sp + 4 slots: 0x000000bb800ff650 points into unknown readable memory: 0x00007ffb9e7590a8 | a8 90 75 9e fb 7f 00 00
stack at sp + 5 slots: 0x000000008197d040 is pointing into object: [B 
{0x000000008197d000} - klass: {type array byte}
 - length: 70
stack at sp + 6 slots: 0x00007ffb9e134a8d jvm.dll
stack at sp + 7 slots: 0x000001f960e00e20 points into unknown readable memory: 0x00007ffb9e759088 | 88 90 75 9e fb 7f 00 00


---------------  P R O C E S S  ---------------

Threads class SMR info:
_java_thread_list=0x000001f94c0cd5a0, length=82, elements={
0x000001f962fc0720, 0x000001f97e942c20, 0x000001f97e9447e0, 0x000001f97e959450,
0x000001f97e95a000, 0x000001f97e95abb0, 0x000001f97e95d670, 0x000001f97e95e310,
0x000001f97e95ecc0, 0x000001f97eae8010, 0x000001f97ebba580, 0x000001f97ebbee70,
0x000001f94803a7c0, 0x000001f9476ed0d0, 0x000001f947c82cd0, 0x000001f948c57050,
0x000001f948213020, 0x000001f947d9b990, 0x000001f9471c8f20, 0x000001f9471c93f0,
0x000001f947902580, 0x000001f947902a50, 0x000001f947902f20, 0x000001f9479033f0,
0x000001f9479038c0, 0x000001f9479055a0, 0x000001f947904730, 0x000001f947904260,
0x000001f947905a70, 0x000001f9479020b0, 0x000001f947904c00, 0x000001f9479050d0,
0x000001f949487af0, 0x000001f9494867b0, 0x000001f949487fc0, 0x000001f949487620,
0x000001f949484fa0, 0x000001f949488490, 0x000001f949488960, 0x000001f949489300,
0x000001f949484600, 0x000001f949483c60, 0x000001f949485470, 0x000001f94948a640,
0x000001f9494897d0, 0x000001f949489ca0, 0x000001f9494862e0, 0x000001f949482df0,
0x000001f949485e10, 0x000001f9494832c0, 0x000001f949484130, 0x000001f949eb7de0,
0x000001f949eb8780, 0x000001f949eb82b0, 0x000001f949ebc140, 0x000001f949eb6100,
0x000001f949eb5290, 0x000001f949ebbc70, 0x000001f949eba460, 0x000001f949eb8c50,
0x000001f949eb5c30, 0x000001f949eba930, 0x000001f949eb9ac0, 0x000001f949ebc610,
0x000001f949eb95f0, 0x000001f949ebae00, 0x000001f949eb4dc0, 0x000001f949ebb7a0,
0x000001f949eb9f90, 0x000001f949eb65d0, 0x000001f949ebb2d0, 0x000001f949eb5760,
0x000001f949eb6aa0, 0x000001f949eb6f70, 0x000001f949eb7910, 0x000001f949eb7440,
0x000001f949eb9120, 0x000001f9477b3b40, 0x000001f9477b4e80, 0x000001f9477b5350,
0x000001f9477b31a0, 0x000001f948bede80
}

Java Threads: ( => current thread )
  0x000001f962fc0720 JavaThread "main" [_thread_blocked, id=7396, stack(0x000000bbffd00000,0x000000bbffe00000)]
  0x000001f97e942c20 JavaThread "Reference Handler" daemon [_thread_blocked, id=9104, stack(0x000000bb80400000,0x000000bb80500000)]
  0x000001f97e9447e0 JavaThread "Finalizer" daemon [_thread_blocked, id=9936, stack(0x000000bb80500000,0x000000bb80600000)]
  0x000001f97e959450 JavaThread "Signal Dispatcher" daemon [_thread_blocked, id=5880, stack(0x000000bb80600000,0x000000bb80700000)]
  0x000001f97e95a000 JavaThread "Attach Listener" daemon [_thread_blocked, id=6736, stack(0x000000bb80700000,0x000000bb80800000)]
  0x000001f97e95abb0 JavaThread "Service Thread" daemon [_thread_blocked, id=8284, stack(0x000000bb80800000,0x000000bb80900000)]
  0x000001f97e95d670 JavaThread "Monitor Deflation Thread" daemon [_thread_blocked, id=1564, stack(0x000000bb80900000,0x000000bb80a00000)]
  0x000001f97e95e310 JavaThread "C2 CompilerThread0" daemon [_thread_blocked, id=8760, stack(0x000000bb80a00000,0x000000bb80b00000)]
  0x000001f97e95ecc0 JavaThread "C1 CompilerThread0" daemon [_thread_blocked, id=1400, stack(0x000000bb80b00000,0x000000bb80c00000)]
  0x000001f97eae8010 JavaThread "Sweeper thread" daemon [_thread_blocked, id=5968, stack(0x000000bb80c00000,0x000000bb80d00000)]
  0x000001f97ebba580 JavaThread "Common-Cleaner" daemon [_thread_blocked, id=3216, stack(0x000000bb80d00000,0x000000bb80e00000)]
  0x000001f97ebbee70 JavaThread "Notification Thread" daemon [_thread_blocked, id=1524, stack(0x000000bb80e00000,0x000000bb80f00000)]
  0x000001f94803a7c0 JavaThread "Daemon health stats" [_thread_blocked, id=13300, stack(0x000000bb81400000,0x000000bb81500000)]
  0x000001f9476ed0d0 JavaThread "Incoming local TCP Connector on port 52507" [_thread_in_native, id=13012, stack(0x000000bb81500000,0x000000bb81600000)]
  0x000001f947c82cd0 JavaThread "Daemon periodic checks" [_thread_blocked, id=2968, stack(0x000000bb81600000,0x000000bb81700000)]
  0x000001f948c57050 JavaThread "Daemon" [_thread_blocked, id=2260, stack(0x000000bb81700000,0x000000bb81800000)]
  0x000001f948213020 JavaThread "Handler for socket connection from /127.0.0.1:52507 to /127.0.0.1:52508" [_thread_in_native, id=6032, stack(0x000000bb81800000,0x000000bb81900000)]
  0x000001f947d9b990 JavaThread "Cancel handler" [_thread_blocked, id=3644, stack(0x000000bb81900000,0x000000bb81a00000)]
  0x000001f9471c8f20 JavaThread "Daemon worker" [_thread_in_vm, id=6632, stack(0x000000bb81a00000,0x000000bb81b00000)]
  0x000001f9471c93f0 JavaThread "Asynchronous log dispatcher for DefaultDaemonConnection: socket connection from /127.0.0.1:52507 to /127.0.0.1:52508" [_thread_blocked, id=11388, stack(0x000000bb81b00000,0x000000bb81c00000)]
  0x000001f947902580 JavaThread "Stdin handler" [_thread_blocked, id=11552, stack(0x000000bb81c00000,0x000000bb81d00000)]
  0x000001f947902a50 JavaThread "Daemon client event forwarder" [_thread_blocked, id=8460, stack(0x000000bb81d00000,0x000000bb81e00000)]
  0x000001f947902f20 JavaThread "Cache worker for journal cache (C:\Users\tonym\.gradle\caches\journal-1)" [_thread_blocked, id=11380, stack(0x000000bb81e00000,0x000000bb81f00000)]
  0x000001f9479033f0 JavaThread "File lock request listener" [_thread_in_native, id=5940, stack(0x000000bb81f00000,0x000000bb82000000)]
  0x000001f9479038c0 JavaThread "Cache worker for file hash cache (C:\Users\tonym\.gradle\caches\7.5\fileHashes)" [_thread_blocked, id=3248, stack(0x000000bb82000000,0x000000bb82100000)]
  0x000001f9479055a0 JavaThread "File watcher server" daemon [_thread_in_native, id=11404, stack(0x000000bb81000000,0x000000bb81100000)]
  0x000001f947904730 JavaThread "File watcher consumer" daemon [_thread_blocked, id=10584, stack(0x000000bb82100000,0x000000bb82200000)]
  0x000001f947904260 JavaThread "Cache worker for checksums cache (C:\Projects\cynema_app\.gradle\7.5\checksums)" [_thread_blocked, id=6296, stack(0x000000bb82200000,0x000000bb82300000)]
  0x000001f947905a70 JavaThread "Cache worker for cache directory md-rule (C:\Users\tonym\.gradle\caches\7.5\md-rule)" [_thread_blocked, id=6820, stack(0x000000bb82300000,0x000000bb82400000)]
  0x000001f9479020b0 JavaThread "Cache worker for file content cache (C:\Users\tonym\.gradle\caches\7.5\fileContent)" [_thread_blocked, id=13224, stack(0x000000bb82400000,0x000000bb82500000)]
  0x000001f947904c00 JavaThread "Cache worker for file hash cache (C:\Projects\cynema_app\.gradle\7.5\fileHashes)" [_thread_blocked, id=2632, stack(0x000000bb82600000,0x000000bb82700000)]
  0x000001f9479050d0 JavaThread "Cache worker for cache directory md-supplier (C:\Users\tonym\.gradle\caches\7.5\md-supplier)" [_thread_blocked, id=1816, stack(0x000000bb82700000,0x000000bb82800000)]
  0x000001f949487af0 JavaThread "Cache worker for execution history cache (C:\Users\tonym\.gradle\caches\7.5\executionHistory)" [_thread_blocked, id=1760, stack(0x000000bb82800000,0x000000bb82900000)]
  0x000001f9494867b0 JavaThread "jar transforms" [_thread_blocked, id=11860, stack(0x000000bb82900000,0x000000bb82a00000)]
  0x000001f949487fc0 JavaThread "jar transforms Thread 2" [_thread_blocked, id=5820, stack(0x000000bb82a00000,0x000000bb82b00000)]
  0x000001f949487620 JavaThread "jar transforms Thread 3" [_thread_blocked, id=8644, stack(0x000000bb82c00000,0x000000bb82d00000)]
  0x000001f949484fa0 JavaThread "jar transforms Thread 4" [_thread_blocked, id=11456, stack(0x000000bb82d00000,0x000000bb82e00000)]
  0x000001f949488490 JavaThread "Cache worker for dependencies-accessors (C:\Projects\cynema_app\.gradle\7.5\dependencies-accessors)" [_thread_blocked, id=12028, stack(0x000000bb82e00000,0x000000bb82f00000)]
  0x000001f949488960 JavaThread "Cache worker for Build Output Cleanup Cache (C:\Projects\cynema_app\.gradle\buildOutputCleanup)" [_thread_blocked, id=8440, stack(0x000000bb82f00000,0x000000bb83000000)]
  0x000001f949489300 JavaThread "Unconstrained build operations" [_thread_blocked, id=6556, stack(0x000000bb82500000,0x000000bb82600000)]
  0x000001f949484600 JavaThread "Unconstrained build operations Thread 2" [_thread_blocked, id=7312, stack(0x000000bb83000000,0x000000bb83100000)]
  0x000001f949483c60 JavaThread "Unconstrained build operations Thread 3" [_thread_blocked, id=860, stack(0x000000bb83100000,0x000000bb83200000)]
  0x000001f949485470 JavaThread "Unconstrained build operations Thread 4" [_thread_blocked, id=10532, stack(0x000000bb83200000,0x000000bb83300000)]
  0x000001f94948a640 JavaThread "Unconstrained build operations Thread 5" [_thread_blocked, id=11608, stack(0x000000bb83300000,0x000000bb83400000)]
  0x000001f9494897d0 JavaThread "Unconstrained build operations Thread 6" [_thread_blocked, id=12812, stack(0x000000bb83400000,0x000000bb83500000)]
  0x000001f949489ca0 JavaThread "Unconstrained build operations Thread 7" [_thread_blocked, id=11348, stack(0x000000bb83500000,0x000000bb83600000)]
  0x000001f9494862e0 JavaThread "Unconstrained build operations Thread 8" [_thread_blocked, id=1744, stack(0x000000bb83600000,0x000000bb83700000)]
  0x000001f949482df0 JavaThread "Unconstrained build operations Thread 9" [_thread_blocked, id=8096, stack(0x000000bb83700000,0x000000bb83800000)]
  0x000001f949485e10 JavaThread "Unconstrained build operations Thread 10" [_thread_blocked, id=3812, stack(0x000000bb83800000,0x000000bb83900000)]
  0x000001f9494832c0 JavaThread "Unconstrained build operations Thread 11" [_thread_blocked, id=12884, stack(0x000000bb83900000,0x000000bb83a00000)]
  0x000001f949484130 JavaThread "Unconstrained build operations Thread 12" [_thread_blocked, id=11880, stack(0x000000bb83a00000,0x000000bb83b00000)]
  0x000001f949eb7de0 JavaThread "Unconstrained build operations Thread 13" [_thread_blocked, id=6088, stack(0x000000bb83b00000,0x000000bb83c00000)]
  0x000001f949eb8780 JavaThread "Unconstrained build operations Thread 14" [_thread_blocked, id=10080, stack(0x000000bb83c00000,0x000000bb83d00000)]
  0x000001f949eb82b0 JavaThread "Unconstrained build operations Thread 15" [_thread_blocked, id=13180, stack(0x000000bb83d00000,0x000000bb83e00000)]
  0x000001f949ebc140 JavaThread "Unconstrained build operations Thread 16" [_thread_blocked, id=2884, stack(0x000000bb83e00000,0x000000bb83f00000)]
  0x000001f949eb6100 JavaThread "Unconstrained build operations Thread 17" [_thread_blocked, id=10704, stack(0x000000bb83f00000,0x000000bb84000000)]
  0x000001f949eb5290 JavaThread "Unconstrained build operations Thread 18" [_thread_blocked, id=9856, stack(0x000000bb84000000,0x000000bb84100000)]
  0x000001f949ebbc70 JavaThread "Unconstrained build operations Thread 19" [_thread_blocked, id=7504, stack(0x000000bb84100000,0x000000bb84200000)]
  0x000001f949eba460 JavaThread "Unconstrained build operations Thread 20" [_thread_blocked, id=5832, stack(0x000000bb84200000,0x000000bb84300000)]
  0x000001f949eb8c50 JavaThread "Unconstrained build operations Thread 21" [_thread_blocked, id=5680, stack(0x000000bb84300000,0x000000bb84400000)]
  0x000001f949eb5c30 JavaThread "Unconstrained build operations Thread 22" [_thread_blocked, id=3444, stack(0x000000bb84400000,0x000000bb84500000)]
  0x000001f949eba930 JavaThread "Unconstrained build operations Thread 23" [_thread_blocked, id=11676, stack(0x000000bb84500000,0x000000bb84600000)]
  0x000001f949eb9ac0 JavaThread "Unconstrained build operations Thread 24" [_thread_blocked, id=11392, stack(0x000000bb84600000,0x000000bb84700000)]
  0x000001f949ebc610 JavaThread "Unconstrained build operations Thread 25" [_thread_blocked, id=12044, stack(0x000000bb84700000,0x000000bb84800000)]
  0x000001f949eb95f0 JavaThread "Unconstrained build operations Thread 26" [_thread_blocked, id=12704, stack(0x000000bb84800000,0x000000bb84900000)]
  0x000001f949ebae00 JavaThread "Unconstrained build operations Thread 27" [_thread_blocked, id=1920, stack(0x000000bb84900000,0x000000bb84a00000)]
  0x000001f949eb4dc0 JavaThread "Unconstrained build operations Thread 28" [_thread_blocked, id=7524, stack(0x000000bb84a00000,0x000000bb84b00000)]
  0x000001f949ebb7a0 JavaThread "Unconstrained build operations Thread 29" [_thread_blocked, id=3456, stack(0x000000bb84b00000,0x000000bb84c00000)]
  0x000001f949eb9f90 JavaThread "Unconstrained build operations Thread 30" [_thread_blocked, id=10256, stack(0x000000bb84c00000,0x000000bb84d00000)]
  0x000001f949eb65d0 JavaThread "Unconstrained build operations Thread 31" [_thread_blocked, id=11704, stack(0x000000bb84d00000,0x000000bb84e00000)]
  0x000001f949ebb2d0 JavaThread "Unconstrained build operations Thread 32" [_thread_blocked, id=1516, stack(0x000000bb84e00000,0x000000bb84f00000)]
  0x000001f949eb5760 JavaThread "Unconstrained build operations Thread 33" [_thread_blocked, id=6328, stack(0x000000bb84f00000,0x000000bb85000000)]
  0x000001f949eb6aa0 JavaThread "Unconstrained build operations Thread 34" [_thread_blocked, id=4084, stack(0x000000bb85000000,0x000000bb85100000)]
  0x000001f949eb6f70 JavaThread "Unconstrained build operations Thread 35" [_thread_blocked, id=4804, stack(0x000000bb85100000,0x000000bb85200000)]
  0x000001f949eb7910 JavaThread "Unconstrained build operations Thread 36" [_thread_blocked, id=1988, stack(0x000000bb85200000,0x000000bb85300000)]
  0x000001f949eb7440 JavaThread "Unconstrained build operations Thread 37" [_thread_blocked, id=3296, stack(0x000000bb85300000,0x000000bb85400000)]
  0x000001f949eb9120 JavaThread "Unconstrained build operations Thread 38" [_thread_blocked, id=3164, stack(0x000000bb85400000,0x000000bb85500000)]
  0x000001f9477b3b40 JavaThread "Unconstrained build operations Thread 39" [_thread_blocked, id=4732, stack(0x000000bb85500000,0x000000bb85600000)]
  0x000001f9477b4e80 JavaThread "Unconstrained build operations Thread 40" [_thread_blocked, id=13008, stack(0x000000bb85600000,0x000000bb85700000)]
  0x000001f9477b5350 JavaThread "build event listener" [_thread_blocked, id=11560, stack(0x000000bb85800000,0x000000bb85900000)]
  0x000001f9477b31a0 JavaThread "Memory manager" [_thread_blocked, id=9644, stack(0x000000bb85900000,0x000000bb85a00000)]
  0x000001f948bede80 JavaThread "C2 CompilerThread1" daemon [_thread_in_native, id=4440, stack(0x000000bb85700000,0x000000bb85800000)]

Other Threads:
  0x000001f97e9411a0 VMThread "VM Thread" [stack: 0x000000bb80300000,0x000000bb80400000] [id=6536]
  0x000001f97ebc3360 WatcherThread [stack: 0x000000bb80f00000,0x000000bb81000000] [id=10712]
  0x000001f963016ab0 GCTaskThread "GC Thread#0" [stack: 0x000000bbffe00000,0x000000bbfff00000] [id=780]
  0x000001f97f00cf40 GCTaskThread "GC Thread#1" [stack: 0x000000bb81100000,0x000000bb81200000] [id=11544]
  0x000001f97f51dc60 GCTaskThread "GC Thread#2" [stack: 0x000000bb81200000,0x000000bb81300000] [id=8332]
  0x000001f97efcb5c0 GCTaskThread "GC Thread#3" [stack: 0x000000bb81300000,0x000000bb81400000] [id=4468]
  0x000001f9630288a0 ConcurrentGCThread "G1 Main Marker" [stack: 0x000000bbfff00000,0x000000bc00000000] [id=3760]
=>0x000001f963029150 ConcurrentGCThread "G1 Conc#0" [stack: 0x000000bb80000000,0x000000bb80100000] [id=8480]
  0x000001f96308d610 ConcurrentGCThread "G1 Refine#0" [stack: 0x000000bb80100000,0x000000bb80200000] [id=11700]
  0x000001f9486e9ce0 ConcurrentGCThread "G1 Refine#1" [stack: 0x000000bb82b00000,0x000000bb82c00000] [id=7184]
  0x000001f96308ded0 ConcurrentGCThread "G1 Service" [stack: 0x000000bb80200000,0x000000bb80300000] [id=9028]

Threads with active compile tasks:
C2 CompilerThread1    24215 9424   !   4       org.gradle.internal.classloader.FilteringClassLoader::loadClass (62 bytes)

VM state: not at safepoint (normal execution)

VM Mutex/Monitor currently owned by a thread: None

Heap address: 0x0000000080000000, size: 2048 MB, Compressed Oops mode: 32-bit

CDS archive(s) mapped at: [0x000001f902000000-0x000001f902bd0000-0x000001f902bd0000), size 12386304, SharedBaseAddress: 0x000001f902000000, ArchiveRelocationMode: 1.
Compressed class space mapped at: 0x000001f903000000-0x000001f943000000, reserved size: 1073741824
Narrow klass base: 0x000001f902000000, Narrow klass shift: 0, Narrow klass range: 0x100000000

GC Precious Log:
 CPUs: 4 total, 4 available
 Memory: 16084M
 Large Page Support: Disabled
 NUMA Support: Disabled
 Compressed Oops: Enabled (32-bit)
 Heap Region Size: 1M
 Heap Min Capacity: 8M
 Heap Initial Capacity: 252M
 Heap Max Capacity: 2G
 Pre-touch: Disabled
 Parallel Workers: 4
 Concurrent Workers: 1
 Concurrent Refinement Workers: 4
 Periodic GC: Disabled

Heap:
 garbage-first heap   total 122880K, used 84848K [0x0000000080000000, 0x0000000100000000)
  region size 1024K, 10 young (10240K), 4 survivors (4096K)
 Metaspace       used 76118K, committed 76800K, reserved 1179648K
  class space    used 10411K, committed 10752K, reserved 1048576K

Heap Regions: E=young(eden), S=young(survivor), O=old, HS=humongous(starts), HC=humongous(continues), CS=collection set, F=free, OA=open archive, CA=closed archive, TAMS=top-at-mark-start (previous, next)
|   0|0x0000000080000000, 0x0000000080100000, 0x0000000080100000|100%|HS|  |TAMS 0x0000000080100000, 0x0000000080100000| Complete 
|   1|0x0000000080100000, 0x0000000080200000, 0x0000000080200000|100%|HC|  |TAMS 0x0000000080200000, 0x0000000080200000| Complete 
|   2|0x0000000080200000, 0x0000000080300000, 0x0000000080300000|100%|HC|  |TAMS 0x0000000080300000, 0x0000000080300000| Complete 
|   3|0x0000000080300000, 0x0000000080400000, 0x0000000080400000|100%| O|  |TAMS 0x0000000080400000, 0x0000000080400000| Untracked 
|   4|0x0000000080400000, 0x0000000080500000, 0x0000000080500000|100%| O|  |TAMS 0x0000000080500000, 0x0000000080500000| Untracked 
|   5|0x0000000080500000, 0x0000000080600000, 0x0000000080600000|100%| O|  |TAMS 0x0000000080600000, 0x0000000080600000| Untracked 
|   6|0x0000000080600000, 0x0000000080700000, 0x0000000080700000|100%| O|  |TAMS 0x0000000080700000, 0x0000000080700000| Untracked 
|   7|0x0000000080700000, 0x0000000080800000, 0x0000000080800000|100%| O|  |TAMS 0x0000000080800000, 0x0000000080800000| Untracked 
|   8|0x0000000080800000, 0x0000000080900000, 0x0000000080900000|100%| O|  |TAMS 0x0000000080900000, 0x0000000080900000| Untracked 
|   9|0x0000000080900000, 0x0000000080a00000, 0x0000000080a00000|100%| O|  |TAMS 0x0000000080a00000, 0x0000000080a00000| Untracked 
|  10|0x0000000080a00000, 0x0000000080b00000, 0x0000000080b00000|100%| O|  |TAMS 0x0000000080b00000, 0x0000000080b00000| Untracked 
|  11|0x0000000080b00000, 0x0000000080c00000, 0x0000000080c00000|100%| O|  |TAMS 0x0000000080c00000, 0x0000000080c00000| Untracked 
|  12|0x0000000080c00000, 0x0000000080d00000, 0x0000000080d00000|100%| O|  |TAMS 0x0000000080d00000, 0x0000000080d00000| Untracked 
|  13|0x0000000080d00000, 0x0000000080e00000, 0x0000000080e00000|100%| O|  |TAMS 0x0000000080e00000, 0x0000000080e00000| Untracked 
|  14|0x0000000080e00000, 0x0000000080f00000, 0x0000000080f00000|100%| O|  |TAMS 0x0000000080f00000, 0x0000000080f00000| Untracked 
|  15|0x0000000080f00000, 0x0000000081000000, 0x0000000081000000|100%| O|  |TAMS 0x0000000081000000, 0x0000000081000000| Untracked 
|  16|0x0000000081000000, 0x0000000081100000, 0x0000000081100000|100%| O|  |TAMS 0x0000000081100000, 0x0000000081100000| Untracked 
|  17|0x0000000081100000, 0x0000000081200000, 0x0000000081200000|100%| O|  |TAMS 0x0000000081200000, 0x0000000081200000| Untracked 
|  18|0x0000000081200000, 0x0000000081300000, 0x0000000081300000|100%| O|  |TAMS 0x0000000081300000, 0x0000000081300000| Untracked 
|  19|0x0000000081300000, 0x0000000081400000, 0x0000000081400000|100%| O|  |TAMS 0x0000000081400000, 0x0000000081400000| Untracked 
|  20|0x0000000081400000, 0x0000000081500000, 0x0000000081500000|100%| O|  |TAMS 0x0000000081500000, 0x0000000081500000| Untracked 
|  21|0x0000000081500000, 0x0000000081600000, 0x0000000081600000|100%| O|  |TAMS 0x0000000081600000, 0x0000000081600000| Untracked 
|  22|0x0000000081600000, 0x0000000081700000, 0x0000000081700000|100%| O|  |TAMS 0x0000000081700000, 0x0000000081700000| Untracked 
|  23|0x0000000081700000, 0x0000000081800000, 0x0000000081800000|100%| O|  |TAMS 0x0000000081800000, 0x0000000081800000| Untracked 
|  24|0x0000000081800000, 0x0000000081900000, 0x0000000081900000|100%| O|  |TAMS 0x0000000081900000, 0x0000000081900000| Untracked 
|  25|0x0000000081900000, 0x0000000081a00000, 0x0000000081a00000|100%| O|  |TAMS 0x0000000081a00000, 0x0000000081a00000| Untracked 
|  26|0x0000000081a00000, 0x0000000081b00000, 0x0000000081b00000|100%| O|  |TAMS 0x0000000081b00000, 0x0000000081b00000| Untracked 
|  27|0x0000000081b00000, 0x0000000081c00000, 0x0000000081c00000|100%|HS|  |TAMS 0x0000000081c00000, 0x0000000081c00000| Complete 
|  28|0x0000000081c00000, 0x0000000081d00000, 0x0000000081d00000|100%| O|  |TAMS 0x0000000081d00000, 0x0000000081d00000| Untracked 
|  29|0x0000000081d00000, 0x0000000081e00000, 0x0000000081e00000|100%| O|  |TAMS 0x0000000081e00000, 0x0000000081e00000| Untracked 
|  30|0x0000000081e00000, 0x0000000081f00000, 0x0000000081f00000|100%| O|  |TAMS 0x0000000081f00000, 0x0000000081f00000| Untracked 
|  31|0x0000000081f00000, 0x0000000082000000, 0x0000000082000000|100%| O|  |TAMS 0x0000000082000000, 0x0000000082000000| Untracked 
|  32|0x0000000082000000, 0x0000000082100000, 0x0000000082100000|100%| O|  |TAMS 0x0000000082100000, 0x0000000082100000| Untracked 
|  33|0x0000000082100000, 0x0000000082200000, 0x0000000082200000|100%|HS|  |TAMS 0x0000000082200000, 0x0000000082200000| Complete 
|  34|0x0000000082200000, 0x0000000082300000, 0x0000000082300000|100%| O|  |TAMS 0x0000000082300000, 0x0000000082300000| Untracked 
|  35|0x0000000082300000, 0x0000000082400000, 0x0000000082400000|100%|HS|  |TAMS 0x0000000082400000, 0x0000000082400000| Complete 
|  36|0x0000000082400000, 0x0000000082500000, 0x0000000082500000|100%| O|  |TAMS 0x0000000082500000, 0x0000000082500000| Untracked 
|  37|0x0000000082500000, 0x0000000082600000, 0x0000000082600000|100%| O|  |TAMS 0x0000000082600000, 0x0000000082600000| Untracked 
|  38|0x0000000082600000, 0x0000000082700000, 0x0000000082700000|100%|HS|  |TAMS 0x0000000082700000, 0x0000000082700000| Complete 
|  39|0x0000000082700000, 0x0000000082800000, 0x0000000082800000|100%|HC|  |TAMS 0x0000000082800000, 0x0000000082800000| Complete 
|  40|0x0000000082800000, 0x0000000082900000, 0x0000000082900000|100%|HC|  |TAMS 0x0000000082900000, 0x0000000082900000| Complete 
|  41|0x0000000082900000, 0x0000000082a00000, 0x0000000082a00000|100%| O|  |TAMS 0x0000000082a00000, 0x0000000082a00000| Untracked 
|  42|0x0000000082a00000, 0x0000000082b00000, 0x0000000082b00000|100%| O|  |TAMS 0x0000000082b00000, 0x0000000082b00000| Untracked 
|  43|0x0000000082b00000, 0x0000000082c00000, 0x0000000082c00000|100%| O|  |TAMS 0x0000000082c00000, 0x0000000082c00000| Untracked 
|  44|0x0000000082c00000, 0x0000000082d00000, 0x0000000082d00000|100%| O|  |TAMS 0x0000000082d00000, 0x0000000082d00000| Untracked 
|  45|0x0000000082d00000, 0x0000000082e00000, 0x0000000082e00000|100%| O|  |TAMS 0x0000000082e00000, 0x0000000082e00000| Untracked 
|  46|0x0000000082e00000, 0x0000000082f00000, 0x0000000082f00000|100%| O|  |TAMS 0x0000000082f00000, 0x0000000082f00000| Untracked 
|  47|0x0000000082f00000, 0x0000000083000000, 0x0000000083000000|100%| O|  |TAMS 0x0000000083000000, 0x0000000083000000| Untracked 
|  48|0x0000000083000000, 0x0000000083100000, 0x0000000083100000|100%| O|  |TAMS 0x0000000083100000, 0x0000000083100000| Untracked 
|  49|0x0000000083100000, 0x0000000083200000, 0x0000000083200000|100%| O|  |TAMS 0x0000000083200000, 0x0000000083200000| Untracked 
|  50|0x0000000083200000, 0x0000000083300000, 0x0000000083300000|100%| O|  |TAMS 0x0000000083300000, 0x0000000083300000| Untracked 
|  51|0x0000000083300000, 0x0000000083400000, 0x0000000083400000|100%| O|  |TAMS 0x0000000083400000, 0x0000000083400000| Untracked 
|  52|0x0000000083400000, 0x0000000083500000, 0x0000000083500000|100%| O|  |TAMS 0x0000000083500000, 0x0000000083500000| Untracked 
|  53|0x0000000083500000, 0x0000000083600000, 0x0000000083600000|100%| O|  |TAMS 0x0000000083600000, 0x0000000083600000| Untracked 
|  54|0x0000000083600000, 0x0000000083700000, 0x0000000083700000|100%| O|  |TAMS 0x0000000083700000, 0x0000000083700000| Untracked 
|  55|0x0000000083700000, 0x0000000083800000, 0x0000000083800000|100%| O|  |TAMS 0x0000000083800000, 0x0000000083800000| Untracked 
|  56|0x0000000083800000, 0x0000000083900000, 0x0000000083900000|100%| O|  |TAMS 0x0000000083900000, 0x0000000083900000| Untracked 
|  57|0x0000000083900000, 0x0000000083a00000, 0x0000000083a00000|100%| O|  |TAMS 0x0000000083a00000, 0x0000000083a00000| Untracked 
|  58|0x0000000083a00000, 0x0000000083b00000, 0x0000000083b00000|100%| O|  |TAMS 0x0000000083b00000, 0x0000000083b00000| Untracked 
|  59|0x0000000083b00000, 0x0000000083c00000, 0x0000000083c00000|100%| O|  |TAMS 0x0000000083c00000, 0x0000000083c00000| Untracked 
|  60|0x0000000083c00000, 0x0000000083d00000, 0x0000000083d00000|100%| O|  |TAMS 0x0000000083d00000, 0x0000000083d00000| Untracked 
|  61|0x0000000083d00000, 0x0000000083e00000, 0x0000000083e00000|100%| O|  |TAMS 0x0000000083d00000, 0x0000000083e00000| Untracked 
|  62|0x0000000083e00000, 0x0000000083f00000, 0x0000000083f00000|100%| O|  |TAMS 0x0000000083ef4600, 0x0000000083f00000| Untracked 
|  63|0x0000000083f00000, 0x0000000084000000, 0x0000000084000000|100%| O|  |TAMS 0x0000000083f00000, 0x0000000084000000| Untracked 
|  64|0x0000000084000000, 0x0000000084100000, 0x0000000084100000|100%| O|  |TAMS 0x0000000084000000, 0x0000000084100000| Untracked 
|  65|0x0000000084100000, 0x0000000084200000, 0x0000000084200000|100%| O|  |TAMS 0x0000000084100000, 0x0000000084200000| Untracked 
|  66|0x0000000084200000, 0x0000000084300000, 0x0000000084300000|100%| O|  |TAMS 0x0000000084200000, 0x0000000084300000| Untracked 
|  67|0x0000000084300000, 0x0000000084400000, 0x0000000084400000|100%| O|  |TAMS 0x0000000084300000, 0x0000000084400000| Untracked 
|  68|0x0000000084400000, 0x0000000084500000, 0x0000000084500000|100%| O|  |TAMS 0x0000000084400000, 0x0000000084500000| Untracked 
|  69|0x0000000084500000, 0x0000000084600000, 0x0000000084600000|100%| O|  |TAMS 0x0000000084500000, 0x0000000084600000| Untracked 
|  70|0x0000000084600000, 0x0000000084700000, 0x0000000084700000|100%| O|  |TAMS 0x0000000084600000, 0x0000000084700000| Untracked 
|  71|0x0000000084700000, 0x0000000084800000, 0x0000000084800000|100%| O|  |TAMS 0x0000000084700000, 0x00000000847ea800| Untracked 
|  72|0x0000000084800000, 0x0000000084900000, 0x0000000084900000|100%| O|  |TAMS 0x0000000084800000, 0x0000000084800000| Untracked 
|  73|0x0000000084900000, 0x0000000084a00000, 0x0000000084a00000|100%| O|  |TAMS 0x0000000084900000, 0x0000000084900000| Untracked 
|  74|0x0000000084a00000, 0x0000000084a9d400, 0x0000000084b00000| 61%| O|  |TAMS 0x0000000084a00000, 0x0000000084a00000| Untracked 
|  75|0x0000000084b00000, 0x0000000084b00000, 0x0000000084c00000|  0%| F|  |TAMS 0x0000000084b00000, 0x0000000084b00000| Untracked 
|  76|0x0000000084c00000, 0x0000000084c00000, 0x0000000084d00000|  0%| F|  |TAMS 0x0000000084c00000, 0x0000000084c00000| Untracked 
|  77|0x0000000084d00000, 0x0000000084d00000, 0x0000000084e00000|  0%| F|  |TAMS 0x0000000084d00000, 0x0000000084d00000| Untracked 
|  78|0x0000000084e00000, 0x0000000084e00000, 0x0000000084f00000|  0%| F|  |TAMS 0x0000000084e00000, 0x0000000084e00000| Untracked 
|  79|0x0000000084f00000, 0x0000000084f00000, 0x0000000085000000|  0%| F|  |TAMS 0x0000000084f00000, 0x0000000084f00000| Untracked 
|  80|0x0000000085000000, 0x0000000085000000, 0x0000000085100000|  0%| F|  |TAMS 0x0000000085000000, 0x0000000085000000| Untracked 
|  81|0x0000000085100000, 0x0000000085100000, 0x0000000085200000|  0%| F|  |TAMS 0x0000000085100000, 0x0000000085100000| Untracked 
|  82|0x0000000085200000, 0x0000000085200000, 0x0000000085300000|  0%| F|  |TAMS 0x0000000085200000, 0x0000000085200000| Untracked 
|  83|0x0000000085300000, 0x0000000085300000, 0x0000000085400000|  0%| F|  |TAMS 0x0000000085300000, 0x0000000085300000| Untracked 
|  84|0x0000000085400000, 0x0000000085400000, 0x0000000085500000|  0%| F|  |TAMS 0x0000000085400000, 0x0000000085400000| Untracked 
|  85|0x0000000085500000, 0x0000000085500000, 0x0000000085600000|  0%| F|  |TAMS 0x0000000085500000, 0x0000000085500000| Untracked 
|  86|0x0000000085600000, 0x0000000085600000, 0x0000000085700000|  0%| F|  |TAMS 0x0000000085600000, 0x0000000085600000| Untracked 
|  87|0x0000000085700000, 0x000000008573ef50, 0x0000000085800000| 24%| S|CS|TAMS 0x0000000085700000, 0x0000000085700000| Complete 
|  88|0x0000000085800000, 0x0000000085900000, 0x0000000085900000|100%| S|CS|TAMS 0x0000000085800000, 0x0000000085800000| Complete 
|  89|0x0000000085900000, 0x0000000085900000, 0x0000000085a00000|  0%| F|  |TAMS 0x0000000085900000, 0x0000000085900000| Untracked 
|  90|0x0000000085a00000, 0x0000000085a00000, 0x0000000085b00000|  0%| F|  |TAMS 0x0000000085a00000, 0x0000000085a00000| Untracked 
|  91|0x0000000085b00000, 0x0000000085b00000, 0x0000000085c00000|  0%| F|  |TAMS 0x0000000085b00000, 0x0000000085b00000| Untracked 
|  92|0x0000000085c00000, 0x0000000085d00000, 0x0000000085d00000|100%| S|CS|TAMS 0x0000000085c00000, 0x0000000085c00000| Complete 
|  93|0x0000000085d00000, 0x0000000085e00000, 0x0000000085e00000|100%| S|CS|TAMS 0x0000000085d00000, 0x0000000085d00000| Complete 
|  94|0x0000000085e00000, 0x0000000085e00000, 0x0000000085f00000|  0%| F|  |TAMS 0x0000000085e00000, 0x0000000085e00000| Untracked 
|  95|0x0000000085f00000, 0x0000000085f00000, 0x0000000086000000|  0%| F|  |TAMS 0x0000000085f00000, 0x0000000085f00000| Untracked 
|  96|0x0000000086000000, 0x0000000086000000, 0x0000000086100000|  0%| F|  |TAMS 0x0000000086000000, 0x0000000086000000| Untracked 
|  97|0x0000000086100000, 0x0000000086100000, 0x0000000086200000|  0%| F|  |TAMS 0x0000000086100000, 0x0000000086100000| Untracked 
|  98|0x0000000086200000, 0x0000000086200000, 0x0000000086300000|  0%| F|  |TAMS 0x0000000086200000, 0x0000000086200000| Untracked 
|  99|0x0000000086300000, 0x0000000086300000, 0x0000000086400000|  0%| F|  |TAMS 0x0000000086300000, 0x0000000086300000| Untracked 
| 100|0x0000000086400000, 0x0000000086400000, 0x0000000086500000|  0%| F|  |TAMS 0x0000000086400000, 0x0000000086400000| Untracked 
| 101|0x0000000086500000, 0x0000000086500000, 0x0000000086600000|  0%| F|  |TAMS 0x0000000086500000, 0x0000000086500000| Untracked 
| 102|0x0000000086600000, 0x0000000086600000, 0x0000000086700000|  0%| F|  |TAMS 0x0000000086600000, 0x0000000086600000| Untracked 
| 103|0x0000000086700000, 0x0000000086700000, 0x0000000086800000|  0%| F|  |TAMS 0x0000000086700000, 0x0000000086700000| Untracked 
| 104|0x0000000086800000, 0x0000000086800000, 0x0000000086900000|  0%| F|  |TAMS 0x0000000086800000, 0x0000000086800000| Untracked 
| 105|0x0000000086900000, 0x0000000086900000, 0x0000000086a00000|  0%| F|  |TAMS 0x0000000086900000, 0x0000000086900000| Untracked 
| 106|0x0000000086a00000, 0x0000000086a00000, 0x0000000086b00000|  0%| F|  |TAMS 0x0000000086a00000, 0x0000000086a00000| Untracked 
| 136|0x0000000088800000, 0x0000000088800000, 0x0000000088900000|  0%| F|  |TAMS 0x0000000088800000, 0x0000000088800000| Untracked 
| 137|0x0000000088900000, 0x0000000088900000, 0x0000000088a00000|  0%| F|  |TAMS 0x0000000088900000, 0x0000000088900000| Untracked 
| 138|0x0000000088a00000, 0x0000000088a00000, 0x0000000088b00000|  0%| F|  |TAMS 0x0000000088a00000, 0x0000000088a00000| Untracked 
| 139|0x0000000088b00000, 0x0000000088b00000, 0x0000000088c00000|  0%| F|  |TAMS 0x0000000088b00000, 0x0000000088b00000| Untracked 
| 140|0x0000000088c00000, 0x0000000088c00000, 0x0000000088d00000|  0%| F|  |TAMS 0x0000000088c00000, 0x0000000088c00000| Untracked 
| 141|0x0000000088d00000, 0x0000000088d00000, 0x0000000088e00000|  0%| F|  |TAMS 0x0000000088d00000, 0x0000000088d00000| Untracked 
| 142|0x0000000088e00000, 0x0000000088e00000, 0x0000000088f00000|  0%| F|  |TAMS 0x0000000088e00000, 0x0000000088e00000| Untracked 
| 143|0x0000000088f00000, 0x0000000088fe0598, 0x0000000089000000| 87%| E|  |TAMS 0x0000000088f00000, 0x0000000088f00000| Complete 
| 144|0x0000000089000000, 0x0000000089100000, 0x0000000089100000|100%| E|CS|TAMS 0x0000000089000000, 0x0000000089000000| Complete 
| 145|0x0000000089100000, 0x0000000089200000, 0x0000000089200000|100%| E|CS|TAMS 0x0000000089100000, 0x0000000089100000| Complete 
| 146|0x0000000089200000, 0x0000000089300000, 0x0000000089300000|100%| E|CS|TAMS 0x0000000089200000, 0x0000000089200000| Complete 
| 147|0x0000000089300000, 0x0000000089400000, 0x0000000089400000|100%| E|CS|TAMS 0x0000000089300000, 0x0000000089300000| Complete 
| 251|0x000000008fb00000, 0x000000008fc00000, 0x000000008fc00000|100%| E|CS|TAMS 0x000000008fb00000, 0x000000008fb00000| Complete 

Card table byte_map: [0x000001f979c60000,0x000001f97a060000] _byte_map_base: 0x000001f979860000

Marking Bits (Prev, Next): (CMBitMap*) 0x000001f963017fb0, (CMBitMap*) 0x000001f963017f70
 Prev Bits: [0x000001f97c460000, 0x000001f97e460000)
 Next Bits: [0x000001f97a460000, 0x000001f97c460000)

Polling page: 0x000001f962790000

Metaspace:

Usage:
  Non-class:     64.17 MB used.
      Class:     10.17 MB used.
       Both:     74.33 MB used.

Virtual space:
  Non-class space:      128.00 MB reserved,      64.50 MB ( 50%) committed,  2 nodes.
      Class space:        1.00 GB reserved,      10.50 MB (  1%) committed,  1 nodes.
             Both:        1.12 GB reserved,      75.00 MB (  7%) committed. 

Chunk freelists:
   Non-Class:  14.71 MB
       Class:  5.39 MB
        Both:  20.10 MB

MaxMetaspaceSize: unlimited
CompressedClassSpaceSize: 1.00 GB
Initial GC threshold: 21.00 MB
Current GC threshold: 111.50 MB
CDS: on
MetaspaceReclaimPolicy: balanced
 - commit_granule_bytes: 65536.
 - commit_granule_words: 8192.
 - virtual_space_node_default_size: 8388608.
 - enlarge_chunks_in_place: 1.
 - new_chunks_are_fully_committed: 0.
 - uncommit_free_chunks: 1.
 - use_allocation_guard: 0.
 - handle_deallocations: 1.


Internal statistics:

num_allocs_failed_limit: 6.
num_arena_births: 756.
num_arena_deaths: 0.
num_vsnodes_births: 3.
num_vsnodes_deaths: 0.
num_space_committed: 1200.
num_space_uncommitted: 0.
num_chunks_returned_to_freelist: 6.
num_chunks_taken_from_freelist: 3804.
num_chunk_merges: 6.
num_chunk_splits: 2523.
num_chunks_enlarged: 1688.
num_purges: 0.
num_inconsistent_stats: 0.

CodeHeap 'non-profiled nmethods': size=120000Kb used=5314Kb max_used=5752Kb free=114685Kb
 bounds [0x000001f972330000, 0x000001f9728d0000, 0x000001f979860000]
CodeHeap 'profiled nmethods': size=120000Kb used=15341Kb max_used=17093Kb free=104658Kb
 bounds [0x000001f96a860000, 0x000001f96b920000, 0x000001f971d90000]
CodeHeap 'non-nmethods': size=5760Kb used=2376Kb max_used=2451Kb free=3383Kb
 bounds [0x000001f971d90000, 0x000001f972000000, 0x000001f972330000]
 total_blobs=8856 nmethods=7952 adapters=816
 compilation: enabled
              stopped_count=0, restarted_count=0
 full_count=0

Compilation events (20 events):
Event: 24.069 Thread 0x000001f97e95ecc0 nmethod 9410 0x000001f96b786d90 code [0x000001f96b786f40, 0x000001f96b7871a8]
Event: 24.072 Thread 0x000001f97e95e310 nmethod 9405 0x000001f9724c2910 code [0x000001f9724c2ac0, 0x000001f9724c3128]
Event: 24.074 Thread 0x000001f97e95ecc0 9411       3       java.util.Arrays$ArrayList::indexOf (62 bytes)
Event: 24.074 Thread 0x000001f97e95ecc0 nmethod 9411 0x000001f96b2c0190 code [0x000001f96b2c0360, 0x000001f96b2c07e8]
Event: 24.079 Thread 0x000001f97e95e310 9412       4       groovy.lang.MetaBeanProperty::<init> (18 bytes)
Event: 24.080 Thread 0x000001f948bede80 9413       4       org.codehaus.groovy.reflection.CachedClass::addSubclassExpandos (138 bytes)
Event: 24.081 Thread 0x000001f948bede80 nmethod 9413 0x000001f972734c10 code [0x000001f972734d80, 0x000001f972734e38]
Event: 24.082 Thread 0x000001f97e95e310 nmethod 9412 0x000001f972734610 code [0x000001f972734780, 0x000001f972734b78]
Event: 24.101 Thread 0x000001f97e95e310 9414       4       sun.reflect.generics.parser.SignatureParser::parseClassTypeSignatureSuffix (29 bytes)
Event: 24.113 Thread 0x000001f97e95e310 nmethod 9414 0x000001f97265ce90 code [0x000001f97265d060, 0x000001f97265da18]
Event: 24.113 Thread 0x000001f97e95e310 9415       4       sun.reflect.generics.tree.ClassTypeSignature::make (9 bytes)
Event: 24.113 Thread 0x000001f97e95e310 nmethod 9415 0x000001f97265cb90 code [0x000001f97265cd00, 0x000001f97265cdb8]
Event: 24.115 Thread 0x000001f948bede80 9416  s!   4       java.beans.PropertyDescriptor::getPropertyType (33 bytes)
Event: 24.120 Thread 0x000001f948bede80 nmethod 9416 0x000001f972733b90 code [0x000001f972733d60, 0x000001f972734388]
Event: 24.126 Thread 0x000001f948bede80 9417       4       org.codehaus.groovy.util.ComplexKeyHashMap$1::hasNext (13 bytes)
Event: 24.126 Thread 0x000001f948bede80 nmethod 9417 0x000001f97265c790 code [0x000001f97265c900, 0x000001f97265c998]
Event: 24.130 Thread 0x000001f97e95ecc0 9418       1       org.codehaus.groovy.runtime.metaclass.MultipleSetterProperty::setField (6 bytes)
Event: 24.130 Thread 0x000001f97e95ecc0 nmethod 9418 0x000001f972786d10 code [0x000001f972786ea0, 0x000001f972786fb8]
Event: 24.135 Thread 0x000001f97e95ecc0 9419   !   3       com.sun.beans.finder.ClassFinder::findClass (25 bytes)
Event: 24.135 Thread 0x000001f97e95ecc0 nmethod 9419 0x000001f96aec6890 code [0x000001f96aec6a60, 0x000001f96aec6ca8]

GC Heap History (20 events):
Event: 18.061 GC heap before
{Heap before GC invocations=33 (full 0):
 garbage-first heap   total 107520K, used 86202K [0x0000000080000000, 0x0000000100000000)
  region size 1024K, 29 young (29696K), 4 survivors (4096K)
 Metaspace       used 58743K, committed 59328K, reserved 1114112K
  class space    used 7825K, committed 8064K, reserved 1048576K
}
Event: 18.066 GC heap after
{Heap after GC invocations=34 (full 0):
 garbage-first heap   total 107520K, used 63198K [0x0000000080000000, 0x0000000100000000)
  region size 1024K, 3 young (3072K), 3 survivors (3072K)
 Metaspace       used 58743K, committed 59328K, reserved 1114112K
  class space    used 7825K, committed 8064K, reserved 1048576K
}
Event: 18.711 GC heap before
{Heap before GC invocations=34 (full 0):
 garbage-first heap   total 107520K, used 86750K [0x0000000080000000, 0x0000000100000000)
  region size 1024K, 26 young (26624K), 3 survivors (3072K)
 Metaspace       used 61075K, committed 61632K, reserved 1114112K
  class space    used 8132K, committed 8384K, reserved 1048576K
}
Event: 18.715 GC heap after
{Heap after GC invocations=35 (full 0):
 garbage-first heap   total 107520K, used 64791K [0x0000000080000000, 0x0000000100000000)
  region size 1024K, 2 young (2048K), 2 survivors (2048K)
 Metaspace       used 61075K, committed 61632K, reserved 1114112K
  class space    used 8132K, committed 8384K, reserved 1048576K
}
Event: 19.464 GC heap before
{Heap before GC invocations=36 (full 0):
 garbage-first heap   total 112640K, used 88343K [0x0000000080000000, 0x0000000100000000)
  region size 1024K, 25 young (25600K), 2 survivors (2048K)
 Metaspace       used 64111K, committed 64704K, reserved 1114112K
  class space    used 8736K, committed 9024K, reserved 1048576K
}
Event: 19.467 GC heap after
{Heap after GC invocations=37 (full 0):
 garbage-first heap   total 112640K, used 65957K [0x0000000080000000, 0x0000000100000000)
  region size 1024K, 3 young (3072K), 3 survivors (3072K)
 Metaspace       used 64111K, committed 64704K, reserved 1114112K
  class space    used 8736K, committed 9024K, reserved 1048576K
}
Event: 20.113 GC heap before
{Heap before GC invocations=37 (full 0):
 garbage-first heap   total 112640K, used 92581K [0x0000000080000000, 0x0000000100000000)
  region size 1024K, 29 young (29696K), 3 survivors (3072K)
 Metaspace       used 66044K, committed 66688K, reserved 1114112K
  class space    used 9001K, committed 9280K, reserved 1048576K
}
Event: 20.118 GC heap after
{Heap after GC invocations=38 (full 0):
 garbage-first heap   total 112640K, used 68279K [0x0000000080000000, 0x0000000100000000)
  region size 1024K, 4 young (4096K), 4 survivors (4096K)
 Metaspace       used 66044K, committed 66688K, reserved 1114112K
  class space    used 9001K, committed 9280K, reserved 1048576K
}
Event: 20.961 GC heap before
{Heap before GC invocations=38 (full 0):
 garbage-first heap   total 112640K, used 92855K [0x0000000080000000, 0x0000000100000000)
  region size 1024K, 29 young (29696K), 4 survivors (4096K)
 Metaspace       used 67941K, committed 68480K, reserved 1114112K
  class space    used 9280K, committed 9536K, reserved 1048576K
}
Event: 20.966 GC heap after
{Heap after GC invocations=39 (full 0):
 garbage-first heap   total 112640K, used 70230K [0x0000000080000000, 0x0000000100000000)
  region size 1024K, 3 young (3072K), 3 survivors (3072K)
 Metaspace       used 67941K, committed 68480K, reserved 1114112K
  class space    used 9280K, committed 9536K, reserved 1048576K
}
Event: 21.640 GC heap before
{Heap before GC invocations=40 (full 0):
 garbage-first heap   total 122880K, used 92758K [0x0000000080000000, 0x0000000100000000)
  region size 1024K, 25 young (25600K), 3 survivors (3072K)
 Metaspace       used 69129K, committed 69824K, reserved 1114112K
  class space    used 9451K, committed 9792K, reserved 1048576K
}
Event: 21.645 GC heap after
{Heap after GC invocations=41 (full 0):
 garbage-first heap   total 122880K, used 71846K [0x0000000080000000, 0x0000000100000000)
  region size 1024K, 4 young (4096K), 4 survivors (4096K)
 Metaspace       used 69129K, committed 69824K, reserved 1114112K
  class space    used 9451K, committed 9792K, reserved 1048576K
}
Event: 21.677 GC heap before
{Heap before GC invocations=41 (full 0):
 garbage-first heap   total 122880K, used 73894K [0x0000000080000000, 0x0000000100000000)
  region size 1024K, 6 young (6144K), 4 survivors (4096K)
 Metaspace       used 69293K, committed 69952K, reserved 1114112K
  class space    used 9472K, committed 9792K, reserved 1048576K
}
Event: 21.681 GC heap after
{Heap after GC invocations=42 (full 0):
 garbage-first heap   total 122880K, used 71983K [0x0000000080000000, 0x0000000100000000)
  region size 1024K, 1 young (1024K), 1 survivors (1024K)
 Metaspace       used 69293K, committed 69952K, reserved 1114112K
  class space    used 9472K, committed 9792K, reserved 1048576K
}
Event: 22.518 GC heap before
{Heap before GC invocations=42 (full 0):
 garbage-first heap   total 122880K, used 102703K [0x0000000080000000, 0x0000000100000000)
  region size 1024K, 31 young (31744K), 1 survivors (1024K)
 Metaspace       used 73480K, committed 74112K, reserved 1114112K
  class space    used 10069K, committed 10368K, reserved 1048576K
}
Event: 22.525 GC heap after
{Heap after GC invocations=43 (full 0):
 garbage-first heap   total 122880K, used 73566K [0x0000000080000000, 0x0000000100000000)
  region size 1024K, 3 young (3072K), 3 survivors (3072K)
 Metaspace       used 73480K, committed 74112K, reserved 1114112K
  class space    used 10069K, committed 10368K, reserved 1048576K
}
Event: 23.560 GC heap before
{Heap before GC invocations=43 (full 0):
 garbage-first heap   total 122880K, used 102238K [0x0000000080000000, 0x0000000100000000)
  region size 1024K, 31 young (31744K), 3 survivors (3072K)
 Metaspace       used 75082K, committed 75712K, reserved 1179648K
  class space    used 10276K, committed 10560K, reserved 1048576K
}
Event: 23.565 GC heap after
{Heap after GC invocations=44 (full 0):
 garbage-first heap   total 122880K, used 76633K [0x0000000080000000, 0x0000000100000000)
  region size 1024K, 3 young (3072K), 3 survivors (3072K)
 Metaspace       used 75082K, committed 75712K, reserved 1179648K
  class space    used 10276K, committed 10560K, reserved 1048576K
}
Event: 24.094 GC heap before
{Heap before GC invocations=44 (full 0):
 garbage-first heap   total 122880K, used 103257K [0x0000000080000000, 0x0000000100000000)
  region size 1024K, 29 young (29696K), 3 survivors (3072K)
 Metaspace       used 76104K, committed 76800K, reserved 1179648K
  class space    used 10410K, committed 10752K, reserved 1048576K
}
Event: 24.099 GC heap after
{Heap after GC invocations=45 (full 0):
 garbage-first heap   total 122880K, used 79728K [0x0000000080000000, 0x0000000100000000)
  region size 1024K, 4 young (4096K), 4 survivors (4096K)
 Metaspace       used 76104K, committed 76800K, reserved 1179648K
  class space    used 10410K, committed 10752K, reserved 1048576K
}

Deoptimization events (20 events):
Event: 23.767 Thread 0x000001f9471c8f20 Uncommon trap: trap_request=0xfffffff4 fr.pc=0x000001f9724a85d4 relative=0x00000000000009f4
Event: 23.767 Thread 0x000001f9471c8f20 Uncommon trap: reason=null_check action=make_not_entrant pc=0x000001f9724a85d4 method=org.gradle.internal.instantiation.generator.AbstractClassGenerator$DslMixInPropertyType.visitProperty(Lorg/gradle/internal/instantiation/generator/AbstractClassGenerator
Event: 23.767 Thread 0x000001f9471c8f20 DEOPT PACKING pc=0x000001f9724a85d4 sp=0x000000bb81af9210
Event: 23.767 Thread 0x000001f9471c8f20 DEOPT UNPACKING pc=0x000001f971de23a3 sp=0x000000bb81af91e8 mode 2
Event: 23.859 Thread 0x000001f9471c8f20 Uncommon trap: trap_request=0xffffffd6 fr.pc=0x000001f9723a8660 relative=0x0000000000000940
Event: 23.859 Thread 0x000001f9471c8f20 Uncommon trap: reason=array_check action=maybe_recompile pc=0x000001f9723a8660 method=java.util.TimSort.binarySort([Ljava/lang/Object;IIILjava/util/Comparator;)V @ 183 c2
Event: 23.859 Thread 0x000001f9471c8f20 DEOPT PACKING pc=0x000001f9723a8660 sp=0x000000bb81af9d00
Event: 23.859 Thread 0x000001f9471c8f20 DEOPT UNPACKING pc=0x000001f971de23a3 sp=0x000000bb81af9ca8 mode 2
Event: 23.861 Thread 0x000001f9471c8f20 Uncommon trap: trap_request=0xffffffd6 fr.pc=0x000001f9723a8660 relative=0x0000000000000940
Event: 23.861 Thread 0x000001f9471c8f20 Uncommon trap: reason=array_check action=maybe_recompile pc=0x000001f9723a8660 method=java.util.TimSort.binarySort([Ljava/lang/Object;IIILjava/util/Comparator;)V @ 183 c2
Event: 23.861 Thread 0x000001f9471c8f20 DEOPT PACKING pc=0x000001f9723a8660 sp=0x000000bb81af9ac0
Event: 23.861 Thread 0x000001f9471c8f20 DEOPT UNPACKING pc=0x000001f971de23a3 sp=0x000000bb81af9a68 mode 2
Event: 23.993 Thread 0x000001f9471c8f20 Uncommon trap: trap_request=0xffffff45 fr.pc=0x000001f972526580 relative=0x0000000000000080
Event: 23.993 Thread 0x000001f9471c8f20 Uncommon trap: reason=unstable_if action=reinterpret pc=0x000001f972526580 method=java.util.HashMap$HashMapSpliterator.getFence()I @ 37 c2
Event: 23.993 Thread 0x000001f9471c8f20 DEOPT PACKING pc=0x000001f972526580 sp=0x000000bb81afbaa0
Event: 23.993 Thread 0x000001f9471c8f20 DEOPT UNPACKING pc=0x000001f971de23a3 sp=0x000000bb81afba18 mode 2
Event: 24.062 Thread 0x000001f9471c8f20 Uncommon trap: trap_request=0xffffff45 fr.pc=0x000001f9727e1ca8 relative=0x0000000000000fc8
Event: 24.062 Thread 0x000001f9471c8f20 Uncommon trap: reason=unstable_if action=reinterpret pc=0x000001f9727e1ca8 method=org.codehaus.groovy.vmplugin.v8.Java8.checkCanSetAccessible(Ljava/lang/reflect/AccessibleObject;Ljava/lang/Class;)Z @ 42 c2
Event: 24.062 Thread 0x000001f9471c8f20 DEOPT PACKING pc=0x000001f9727e1ca8 sp=0x000000bb81af7280
Event: 24.062 Thread 0x000001f9471c8f20 DEOPT UNPACKING pc=0x000001f971de23a3 sp=0x000000bb81af71c8 mode 2

Classes unloaded (0 events):
No events

Classes redefined (0 events):
No events

Internal exceptions (20 events):
Event: 24.087 Thread 0x000001f9471c8f20 Exception <a 'java/lang/ClassNotFoundException'{0x0000000085e20600}: com/android/build/gradle/tasks/AidlCompile_DecoratedCustomizer> (0x0000000085e20600) 
thrown [s\open\src\hotspot\share\classfile\systemDictionary.cpp, line 256]
Event: 24.091 Thread 0x000001f9471c8f20 Exception <a 'java/lang/ClassNotFoundException'{0x0000000085ec2fe0}: com/android/build/gradle/tasks/RenderscriptCompile_DecoratedBeanInfo> (0x0000000085ec2fe0) 
thrown [s\open\src\hotspot\share\classfile\systemDictionary.cpp, line 256]
Event: 24.091 Thread 0x000001f9471c8f20 Exception <a 'java/lang/ClassNotFoundException'{0x0000000085ece650}: com/android/build/gradle/tasks/RenderscriptCompileBeanInfo> (0x0000000085ece650) 
thrown [s\open\src\hotspot\share\classfile\systemDictionary.cpp, line 256]
Event: 24.092 Thread 0x000001f9471c8f20 Exception <a 'java/lang/ClassNotFoundException'{0x0000000085eda018}: com/android/build/gradle/internal/tasks/NdkTaskBeanInfo> (0x0000000085eda018) 
thrown [s\open\src\hotspot\share\classfile\systemDictionary.cpp, line 256]
Event: 24.093 Thread 0x000001f9471c8f20 Exception <a 'java/lang/ClassNotFoundException'{0x0000000085ee5750}: com/android/build/gradle/internal/tasks/NdkTaskCustomizer> (0x0000000085ee5750) 
thrown [s\open\src\hotspot\share\classfile\systemDictionary.cpp, line 256]
Event: 24.101 Thread 0x000001f9471c8f20 Exception <a 'java/lang/ClassNotFoundException'{0x000000008fb09590}: com/android/build/gradle/tasks/RenderscriptCompileCustomizer> (0x000000008fb09590) 
thrown [s\open\src\hotspot\share\classfile\systemDictionary.cpp, line 256]
Event: 24.114 Thread 0x000001f9471c8f20 Exception <a 'java/lang/ClassNotFoundException'{0x000000008fb42448}: com/android/build/gradle/tasks/RenderscriptCompile_DecoratedCustomizer> (0x000000008fb42448) 
thrown [s\open\src\hotspot\share\classfile\systemDictionary.cpp, line 256]
Event: 24.122 Thread 0x000001f9471c8f20 Exception <a 'java/lang/ClassNotFoundException'{0x000000008fbe13d0}: com/android/build/gradle/internal/tasks/databinding/DataBindingMergeDependencyArtifactsTask_DecoratedBeanInfo> (0x000000008fbe13d0) 
thrown [s\open\src\hotspot\share\classfile\systemDictionary.cpp, line 256]
Event: 24.123 Thread 0x000001f9471c8f20 Exception <a 'java/lang/ClassNotFoundException'{0x000000008fbed228}: com/android/build/gradle/internal/tasks/databinding/DataBindingMergeDependencyArtifactsTaskBeanInfo> (0x000000008fbed228) 
thrown [s\open\src\hotspot\share\classfile\systemDictionary.cpp, line 256]
Event: 24.123 Thread 0x000001f9471c8f20 Exception <a 'java/lang/ClassNotFoundException'{0x000000008fbf9048}: com/android/build/gradle/internal/tasks/databinding/DataBindingMergeDependencyArtifactsTaskCustomizer> (0x000000008fbf9048) 
thrown [s\open\src\hotspot\share\classfile\systemDictionary.cpp, line 256]
Event: 24.124 Thread 0x000001f9471c8f20 Exception <a 'java/lang/ClassNotFoundException'{0x0000000089319c30}: com/android/build/gradle/internal/tasks/databinding/DataBindingMergeDependencyArtifactsTask_DecoratedCustomizer> (0x0000000089319c30) 
thrown [s\open\src\hotspot\share\classfile\systemDictionary.cpp, line 256]
Event: 24.128 Thread 0x000001f9471c8f20 Exception <a 'java/lang/ClassNotFoundException'{0x000000008938fc18}: com/android/build/gradle/tasks/GenerateResValues_DecoratedBeanInfo> (0x000000008938fc18) 
thrown [s\open\src\hotspot\share\classfile\systemDictionary.cpp, line 256]
Event: 24.128 Thread 0x000001f9471c8f20 Exception <a 'java/lang/ClassNotFoundException'{0x000000008939b238}: com/android/build/gradle/tasks/GenerateResValuesBeanInfo> (0x000000008939b238) 
thrown [s\open\src\hotspot\share\classfile\systemDictionary.cpp, line 256]
Event: 24.129 Thread 0x000001f9471c8f20 Exception <a 'java/lang/ClassNotFoundException'{0x00000000893a6870}: com/android/build/gradle/tasks/GenerateResValuesCustomizer> (0x00000000893a6870) 
thrown [s\open\src\hotspot\share\classfile\systemDictionary.cpp, line 256]
Event: 24.129 Thread 0x000001f9471c8f20 Exception <a 'java/lang/ClassNotFoundException'{0x00000000893c4d98}: com/android/build/gradle/tasks/GenerateResValues_DecoratedCustomizer> (0x00000000893c4d98) 
thrown [s\open\src\hotspot\share\classfile\systemDictionary.cpp, line 256]
Event: 24.133 Thread 0x000001f9471c8f20 Exception <a 'java/lang/ClassNotFoundException'{0x00000000892646e0}: com/android/build/gradle/tasks/MergeResources_DecoratedBeanInfo> (0x00000000892646e0) 
thrown [s\open\src\hotspot\share\classfile\systemDictionary.cpp, line 256]
Event: 24.134 Thread 0x000001f9471c8f20 Exception <a 'java/lang/ClassNotFoundException'{0x000000008926fc80}: com/android/build/gradle/tasks/MergeResourcesBeanInfo> (0x000000008926fc80) 
thrown [s\open\src\hotspot\share\classfile\systemDictionary.cpp, line 256]
Event: 24.134 Thread 0x000001f9471c8f20 Exception <a 'java/lang/ClassNotFoundException'{0x000000008927c4c0}: com/android/build/gradle/internal/tasks/NewIncrementalTaskBeanInfo> (0x000000008927c4c0) 
thrown [s\open\src\hotspot\share\classfile\systemDictionary.cpp, line 256]
Event: 24.135 Thread 0x000001f9471c8f20 Exception <a 'java/lang/ClassNotFoundException'{0x0000000089287d10}: com/android/build/gradle/internal/tasks/NewIncrementalTaskCustomizer> (0x0000000089287d10) 
thrown [s\open\src\hotspot\share\classfile\systemDictionary.cpp, line 256]
Event: 24.135 Thread 0x000001f9471c8f20 Exception <a 'java/lang/ClassNotFoundException'{0x00000000892a2968}: com/android/build/gradle/tasks/MergeResourcesCustomizer> (0x00000000892a2968) 
thrown [s\open\src\hotspot\share\classfile\systemDictionary.cpp, line 256]

VM Operations (20 events):
Event: 22.530 Executing VM operation: HandshakeAllThreads
Event: 22.530 Executing VM operation: HandshakeAllThreads done
Event: 23.394 Executing VM operation: ICBufferFull
Event: 23.394 Executing VM operation: ICBufferFull done
Event: 23.443 Executing VM operation: HandshakeAllThreads
Event: 23.443 Executing VM operation: HandshakeAllThreads done
Event: 23.459 Executing VM operation: HandshakeAllThreads
Event: 23.459 Executing VM operation: HandshakeAllThreads done
Event: 23.496 Executing VM operation: HandshakeAllThreads
Event: 23.512 Executing VM operation: HandshakeAllThreads done
Event: 23.533 Executing VM operation: ICBufferFull
Event: 23.533 Executing VM operation: ICBufferFull done
Event: 23.546 Executing VM operation: HandshakeAllThreads
Event: 23.547 Executing VM operation: HandshakeAllThreads done
Event: 23.560 Executing VM operation: G1CollectForAllocation
Event: 23.565 Executing VM operation: G1CollectForAllocation done
Event: 23.609 Executing VM operation: HandshakeAllThreads
Event: 23.610 Executing VM operation: HandshakeAllThreads done
Event: 24.094 Executing VM operation: G1CollectForAllocation
Event: 24.099 Executing VM operation: G1CollectForAllocation done

Events (20 events):
Event: 23.620 Thread 0x000001f97eae8010 flushing nmethod 0x000001f96b7d4a10
Event: 23.620 Thread 0x000001f97eae8010 flushing nmethod 0x000001f96b7d5790
Event: 23.620 Thread 0x000001f97eae8010 flushing nmethod 0x000001f96b7d5c90
Event: 23.620 Thread 0x000001f97eae8010 flushing nmethod 0x000001f96b7d7a10
Event: 23.620 Thread 0x000001f97eae8010 flushing nmethod 0x000001f96b80a990
Event: 23.620 Thread 0x000001f97eae8010 flushing nmethod 0x000001f96b80b510
Event: 23.620 Thread 0x000001f97eae8010 flushing nmethod 0x000001f96b80b890
Event: 23.620 Thread 0x000001f97eae8010 flushing nmethod 0x000001f96b86be10
Event: 23.620 Thread 0x000001f97eae8010 flushing nmethod 0x000001f96b86c290
Event: 23.620 Thread 0x000001f97eae8010 flushing nmethod 0x000001f96b86ca10
Event: 23.620 Thread 0x000001f97eae8010 flushing nmethod 0x000001f96b86d410
Event: 23.620 Thread 0x000001f97eae8010 flushing nmethod 0x000001f96b88f510
Event: 24.063 loading class java/lang/ClassBeanInfo
Event: 24.063 loading class java/lang/ClassBeanInfo done
Event: 24.063 loading class java/lang/ClassBeanInfo
Event: 24.063 loading class java/lang/ClassBeanInfo done
Event: 24.063 loading class java/lang/ClassCustomizer
Event: 24.063 loading class java/lang/ClassCustomizer done
Event: 24.063 loading class java/lang/ClassCustomizer
Event: 24.063 loading class java/lang/ClassCustomizer done


Dynamic libraries:
0x00007ff74dc50000 - 0x00007ff74dc60000 	C:\Program Files\Java\jdk-17\bin\java.exe
0x00007ffc03db0000 - 0x00007ffc03fc4000 	C:\Windows\SYSTEM32\ntdll.dll
0x00007ffc02d60000 - 0x00007ffc02e24000 	C:\Windows\System32\KERNEL32.DLL
0x00007ffc015b0000 - 0x00007ffc01954000 	C:\Windows\System32\KERNELBASE.dll
0x00007ffc01230000 - 0x00007ffc01341000 	C:\Windows\System32\ucrtbase.dll
0x00007ffbee560000 - 0x00007ffbee579000 	C:\Program Files\Java\jdk-17\bin\jli.dll
0x00007ffc01bc0000 - 0x00007ffc01c70000 	C:\Windows\System32\ADVAPI32.dll
0x00007ffc031c0000 - 0x00007ffc03267000 	C:\Windows\System32\msvcrt.dll
0x00007ffc02e30000 - 0x00007ffc02ed6000 	C:\Windows\System32\sechost.dll
0x00007ffc02290000 - 0x00007ffc023a7000 	C:\Windows\System32\RPCRT4.dll
0x00007ffc02f60000 - 0x00007ffc0310a000 	C:\Windows\System32\USER32.dll
0x00007ffc01b40000 - 0x00007ffc01b66000 	C:\Windows\System32\win32u.dll
0x00007ffc03190000 - 0x00007ffc031b9000 	C:\Windows\System32\GDI32.dll
0x00007ffc01350000 - 0x00007ffc01469000 	C:\Windows\System32\gdi32full.dll
0x00007ffc01190000 - 0x00007ffc0122a000 	C:\Windows\System32\msvcp_win.dll
0x00007ffc00380000 - 0x00007ffc0060f000 	C:\Windows\WinSxS\amd64_microsoft.windows.common-controls_6595b64144ccf1df_6.0.22621.2070_none_2713e6537381f706\COMCTL32.dll
0x00007ffbfa5e0000 - 0x00007ffbfa5ea000 	C:\Windows\SYSTEM32\VERSION.dll
0x00007ffbe0870000 - 0x00007ffbe088b000 	C:\Program Files\Java\jdk-17\bin\VCRUNTIME140.dll
0x00007ffc01b80000 - 0x00007ffc01bb1000 	C:\Windows\System32\IMM32.DLL
0x00007ffbfb190000 - 0x00007ffbfb19c000 	C:\Program Files\Java\jdk-17\bin\vcruntime140_1.dll
0x00007ffbc5410000 - 0x00007ffbc549e000 	C:\Program Files\Java\jdk-17\bin\msvcp140.dll
0x00007ffb9de60000 - 0x00007ffb9ea3e000 	C:\Program Files\Java\jdk-17\bin\server\jvm.dll
0x00007ffc02c50000 - 0x00007ffc02c58000 	C:\Windows\System32\PSAPI.DLL
0x00007ffbfd100000 - 0x00007ffbfd109000 	C:\Windows\SYSTEM32\WSOCK32.dll
0x00007ffbfa170000 - 0x00007ffbfa1a4000 	C:\Windows\SYSTEM32\WINMM.dll
0x00007ffc023b0000 - 0x00007ffc02421000 	C:\Windows\System32\WS2_32.dll
0x00007ffbff940000 - 0x00007ffbff958000 	C:\Windows\SYSTEM32\kernel.appcore.dll
0x00007ffbf9720000 - 0x00007ffbf972a000 	C:\Program Files\Java\jdk-17\bin\jimage.dll
0x00007ffc00b10000 - 0x00007ffc00d3e000 	C:\Windows\SYSTEM32\DBGHELP.DLL
0x00007ffc02490000 - 0x00007ffc0281a000 	C:\Windows\System32\combase.dll
0x00007ffc03400000 - 0x00007ffc034d7000 	C:\Windows\System32\OLEAUT32.dll
0x00007ffc007e0000 - 0x00007ffc00812000 	C:\Windows\SYSTEM32\dbgcore.DLL
0x00007ffc01530000 - 0x00007ffc015aa000 	C:\Windows\System32\bcryptPrimitives.dll
0x00007ffbda3c0000 - 0x00007ffbda3e5000 	C:\Program Files\Java\jdk-17\bin\java.dll
0x00007ffbbb720000 - 0x00007ffbbb7f7000 	C:\Program Files\Java\jdk-17\bin\jsvml.dll
0x00007ffc03550000 - 0x00007ffc03d66000 	C:\Windows\System32\SHELL32.dll
0x00007ffbfe750000 - 0x00007ffbff03a000 	C:\Windows\SYSTEM32\windows.storage.dll
0x00007ffbfe610000 - 0x00007ffbfe74e000 	C:\Windows\SYSTEM32\wintypes.dll
0x00007ffc03270000 - 0x00007ffc03363000 	C:\Windows\System32\SHCORE.dll
0x00007ffc02430000 - 0x00007ffc0248e000 	C:\Windows\System32\shlwapi.dll
0x00007ffc010c0000 - 0x00007ffc010e6000 	C:\Windows\SYSTEM32\profapi.dll
0x00007ffbd9ae0000 - 0x00007ffbd9af9000 	C:\Program Files\Java\jdk-17\bin\net.dll
0x00007ffbfa1b0000 - 0x00007ffbfa2e7000 	C:\Windows\SYSTEM32\WINHTTP.dll
0x00007ffbfff50000 - 0x00007ffbfffb9000 	C:\Windows\system32\mswsock.dll
0x00007ffbd9ac0000 - 0x00007ffbd9ad6000 	C:\Program Files\Java\jdk-17\bin\nio.dll
0x00007ffbd64e0000 - 0x00007ffbd64f8000 	C:\Program Files\Java\jdk-17\bin\zip.dll
0x00007ffbf7410000 - 0x00007ffbf7420000 	C:\Program Files\Java\jdk-17\bin\verify.dll
0x00007ffbf50d0000 - 0x00007ffbf50f7000 	C:\Users\tonym\.gradle\native\e1d6ef7f7dcc3fd88c89a11ec53ec762bb8ba0a96d01ffa2cd45eb1d1d8dd5c5\windows-amd64\native-platform.dll
0x00007ffbadce0000 - 0x00007ffbade24000 	C:\Users\tonym\.gradle\native\0d407fdbe67a94daf76414ababcb853783967236a71b16ec16e742cd7a986fd3\windows-amd64\native-platform-file-events.dll
0x00007ffbf2490000 - 0x00007ffbf249a000 	C:\Program Files\Java\jdk-17\bin\management.dll
0x00007ffbf14b0000 - 0x00007ffbf14bb000 	C:\Program Files\Java\jdk-17\bin\management_ext.dll
0x00007ffc00e30000 - 0x00007ffc00e4b000 	C:\Windows\SYSTEM32\CRYPTSP.dll
0x00007ffbff900000 - 0x00007ffbff935000 	C:\Windows\system32\rsaenh.dll
0x00007ffc00190000 - 0x00007ffc001bc000 	C:\Windows\SYSTEM32\USERENV.dll
0x00007ffc00a50000 - 0x00007ffc00a78000 	C:\Windows\SYSTEM32\bcrypt.dll
0x00007ffc001c0000 - 0x00007ffc001cc000 	C:\Windows\SYSTEM32\CRYPTBASE.dll
0x00007ffbff490000 - 0x00007ffbff4bd000 	C:\Windows\SYSTEM32\IPHLPAPI.DLL
0x00007ffc02be0000 - 0x00007ffc02be9000 	C:\Windows\System32\NSI.dll
0x00007ffbfa5f0000 - 0x00007ffbfa609000 	C:\Windows\SYSTEM32\dhcpcsvc6.DLL
0x00007ffbfa090000 - 0x00007ffbfa0af000 	C:\Windows\SYSTEM32\dhcpcsvc.DLL
0x00007ffbff510000 - 0x00007ffbff603000 	C:\Windows\SYSTEM32\DNSAPI.dll
0x00007ffbee550000 - 0x00007ffbee55e000 	C:\Program Files\Java\jdk-17\bin\sunmscapi.dll
0x00007ffc01960000 - 0x00007ffc01ac7000 	C:\Windows\System32\CRYPT32.dll
0x00007ffc00660000 - 0x00007ffc0068e000 	C:\Windows\SYSTEM32\ncrypt.dll
0x00007ffc00610000 - 0x00007ffc00647000 	C:\Windows\SYSTEM32\NTASN1.dll
0x00007ffbfb050000 - 0x00007ffbfb058000 	C:\Windows\system32\wshunix.dll

dbghelp: loaded successfully - version: 4.0.5 - missing functions: none
symbol engine: initialized successfully - sym options: 0x614 - pdb path: .;C:\Program Files\Java\jdk-17\bin;C:\Windows\SYSTEM32;C:\Windows\WinSxS\amd64_microsoft.windows.common-controls_6595b64144ccf1df_6.0.22621.2070_none_2713e6537381f706;C:\Program Files\Java\jdk-17\bin\server;C:\Users\tonym\.gradle\native\e1d6ef7f7dcc3fd88c89a11ec53ec762bb8ba0a96d01ffa2cd45eb1d1d8dd5c5\windows-amd64;C:\Users\tonym\.gradle\native\0d407fdbe67a94daf76414ababcb853783967236a71b16ec16e742cd7a986fd3\windows-amd64

VM Arguments:
jvm_args: --add-opens=java.base/java.util=ALL-UNNAMED --add-opens=java.base/java.lang=ALL-UNNAMED --add-opens=java.base/java.lang.invoke=ALL-UNNAMED --add-opens=java.base/java.util=ALL-UNNAMED --add-opens=java.prefs/java.util.prefs=ALL-UNNAMED --add-opens=java.prefs/java.util.prefs=ALL-UNNAMED --add-opens=java.base/java.nio.charset=ALL-UNNAMED --add-opens=java.base/java.net=ALL-UNNAMED --add-opens=java.base/java.util.concurrent.atomic=ALL-UNNAMED -Xmx2048m -Dfile.encoding=UTF-8 -Duser.country=BR -Duser.language=pt -Duser.variant 
java_command: org.gradle.launcher.daemon.bootstrap.GradleDaemon 7.5
java_class_path (initial): C:\Users\tonym\.gradle\wrapper\dists\gradle-7.5-bin\f1w0cc9nuo0eivz97x2xlu9sv\gradle-7.5\lib\gradle-launcher-7.5.jar
Launcher Type: SUN_STANDARD

[Global flags]
     intx CICompilerCount                          = 3                                         {product} {ergonomic}
     uint ConcGCThreads                            = 1                                         {product} {ergonomic}
     uint G1ConcRefinementThreads                  = 4                                         {product} {ergonomic}
   size_t G1HeapRegionSize                         = 1048576                                   {product} {ergonomic}
    uintx GCDrainStackTargetSize                   = 64                                        {product} {ergonomic}
   size_t InitialHeapSize                          = 264241152                                 {product} {ergonomic}
   size_t MarkStackSize                            = 4194304                                   {product} {ergonomic}
   size_t MaxHeapSize                              = 2147483648                                {product} {command line}
   size_t MaxNewSize                               = 1287651328                                {product} {ergonomic}
   size_t MinHeapDeltaBytes                        = 1048576                                   {product} {ergonomic}
   size_t MinHeapSize                              = 8388608                                   {product} {ergonomic}
    uintx NonNMethodCodeHeapSize                   = 5832780                                {pd product} {ergonomic}
    uintx NonProfiledCodeHeapSize                  = 122912730                              {pd product} {ergonomic}
    uintx ProfiledCodeHeapSize                     = 122912730                              {pd product} {ergonomic}
    uintx ReservedCodeCacheSize                    = 251658240                              {pd product} {ergonomic}
     bool SegmentedCodeCache                       = true                                      {product} {ergonomic}
   size_t SoftMaxHeapSize                          = 2147483648                             {manageable} {ergonomic}
     bool UseCompressedClassPointers               = true                           {product lp64_product} {ergonomic}
     bool UseCompressedOops                        = true                           {product lp64_product} {ergonomic}
     bool UseG1GC                                  = true                                      {product} {ergonomic}
     bool UseLargePagesIndividualAllocation        = false                                  {pd product} {ergonomic}

Logging:
Log output configuration:
 #0: stdout all=warning uptime,level,tags
 #1: stderr all=off uptime,level,tags

Environment Variables:
JAVA_HOME=C:\Program Files\Java\jdk-17
PATH=C:\Program Files\Common Files\Oracle\Java\javapath;C:\Windows\system32;C:\Windows;C:\Windows\System32\Wbem;C:\Windows\System32\WindowsPowerShell\v1.0\;C:\Windows\System32\OpenSSH\;C:\Program Files (x86)\NVIDIA Corporation\PhysX\Common;C:\Program Files\NVIDIA Corporation\NVIDIA NvDLISR;C:\Program Files\Git\cmd;C:\Program Files\Java\jdk-17\bin;C:\Users\tonym\AppData\Local\Microsoft\WindowsApps;;C:\Users\tonym\AppData\Local\Programs\Microsoft VS Code\bin
USERNAME=tonym
OS=Windows_NT
PROCESSOR_IDENTIFIER=Intel64 Family 6 Model 94 Stepping 8, GenuineIntel



---------------  S Y S T E M  ---------------

OS:
 Windows 11 , 64 bit Build 22621 (10.0.22621.2070)
OS uptime: 0 days 16:55 hours

CPU: total 4 (initial active 4) (4 cores per cpu, 1 threads per core) family 6 model 94 stepping 8 microcode 0x34, cx8, cmov, fxsr, mmx, 3dnowpref, sse, sse2, sse3, ssse3, sse4.1, sse4.2, popcnt, lzcnt, tsc, tscinvbit, avx, avx2, aes, erms, clmul, bmi1, bmi2, rtm, adx, fma, vzeroupper, clflush, clflushopt

Memory: 4k page, system-wide physical 16084M (3766M free)
TotalPageFile size 21972M (AvailPageFile size 5863M)
current process WorkingSet (physical memory assigned to process): 344M, peak: 352M
current process commit charge ("private bytes"): 378M, peak: 420M

vm_info: Java HotSpot(TM) 64-Bit Server VM (17.0.8+9-LTS-211) for windows-amd64 JRE (17.0.8+9-LTS-211), built on Jun 14 2023 10:34:31 by "mach5one" with MS VC++ 17.1 (VS2022)

END.
